[INFO ][20160418 17:36:41,496][AbstractApplicationContext:411] Refreshing org.springframework.context.support.ClassPathXmlApplicationContext@6a16f44f: display name [org.springframework.context.support.ClassPathXmlApplicationContext@6a16f44f]; startup date [Mon Apr 18 17:36:41 CST 2016]; root of context hierarchy
[INFO ][20160418 17:36:41,631][XmlBeanDefinitionReader:323] Loading XML bean definitions from class path resource [spring/spring-context.xml]
[INFO ][20160418 17:36:42,235][XmlBeanDefinitionReader:323] Loading XML bean definitions from class path resource [spring/dubbo-provider.xml]
[INFO ][20160418 17:36:42,316][?:?] using logger: com.alibaba.dubbo.common.logger.log4j.Log4jLoggerAdapter
[INFO ][20160418 17:36:42,370][AbstractApplicationContext:426] Bean factory for application context [org.springframework.context.support.ClassPathXmlApplicationContext@6a16f44f]: org.springframework.beans.factory.support.DefaultListableBeanFactory@7a7b77a8
[INFO ][20160418 17:36:42,835][DefaultSingletonBeanRegistry:421] Destroying singletons in org.springframework.beans.factory.support.DefaultListableBeanFactory@7a7b77a8: defining beans [org.springframework.context.annotation.internalCommonAnnotationProcessor,org.springframework.context.annotation.internalAutowiredAnnotationProcessor,org.springframework.context.annotation.internalRequiredAnnotationProcessor,org.springframework.aop.config.internalAutoProxyCreator,gw-service-user,com.alibaba.dubbo.config.RegistryConfig,dubbo,wusc.edu.facade.user.service.PmsUserFacade]; root of factory hierarchy
[ERROR][20160418 17:36:42,836][Demo:16] == DubboProvider context start error:
org.springframework.beans.factory.BeanCreationException: Error creating bean with name 'wusc.edu.facade.user.service.PmsUserFacade': Cannot resolve reference to bean 'pmsUserFacade' while setting bean property 'ref'; nested exception is org.springframework.beans.factory.NoSuchBeanDefinitionException: No bean named 'pmsUserFacade' is defined
	at org.springframework.beans.factory.support.BeanDefinitionValueResolver.resolveReference(BeanDefinitionValueResolver.java:275)
	at org.springframework.beans.factory.support.BeanDefinitionValueResolver.resolveValueIfNecessary(BeanDefinitionValueResolver.java:104)
	at org.springframework.beans.factory.support.AbstractAutowireCapableBeanFactory.applyPropertyValues(AbstractAutowireCapableBeanFactory.java:1245)
	at org.springframework.beans.factory.support.AbstractAutowireCapableBeanFactory.populateBean(AbstractAutowireCapableBeanFactory.java:1010)
	at org.springframework.beans.factory.support.AbstractAutowireCapableBeanFactory.doCreateBean(AbstractAutowireCapableBeanFactory.java:472)
	at org.springframework.beans.factory.support.AbstractAutowireCapableBeanFactory$1.run(AbstractAutowireCapableBeanFactory.java:409)
	at java.security.AccessController.doPrivileged(Native Method)
	at org.springframework.beans.factory.support.AbstractAutowireCapableBeanFactory.createBean(AbstractAutowireCapableBeanFactory.java:380)
	at org.springframework.beans.factory.support.AbstractBeanFactory$1.getObject(AbstractBeanFactory.java:264)
	at org.springframework.beans.factory.support.DefaultSingletonBeanRegistry.getSingleton(DefaultSingletonBeanRegistry.java:222)
	at org.springframework.beans.factory.support.AbstractBeanFactory.doGetBean(AbstractBeanFactory.java:261)
	at org.springframework.beans.factory.support.AbstractBeanFactory.getBean(AbstractBeanFactory.java:185)
	at org.springframework.beans.factory.support.AbstractBeanFactory.getBean(AbstractBeanFactory.java:164)
	at org.springframework.beans.factory.support.DefaultListableBeanFactory.getBeansOfType(DefaultListableBeanFactory.java:308)
	at org.springframework.context.support.AbstractApplicationContext.getBeansOfType(AbstractApplicationContext.java:947)
	at org.springframework.context.support.AbstractApplicationContext.registerListeners(AbstractApplicationContext.java:701)
	at org.springframework.context.support.AbstractApplicationContext.refresh(AbstractApplicationContext.java:377)
	at org.springframework.context.support.ClassPathXmlApplicationContext.<init>(ClassPathXmlApplicationContext.java:139)
	at org.springframework.context.support.ClassPathXmlApplicationContext.<init>(ClassPathXmlApplicationContext.java:83)
	at com.gmail.lan.Demo.main(Demo.java:13)
Caused by: org.springframework.beans.factory.NoSuchBeanDefinitionException: No bean named 'pmsUserFacade' is defined
	at org.springframework.beans.factory.support.DefaultListableBeanFactory.getBeanDefinition(DefaultListableBeanFactory.java:387)
	at org.springframework.beans.factory.support.AbstractBeanFactory.getMergedLocalBeanDefinition(AbstractBeanFactory.java:971)
	at org.springframework.beans.factory.support.AbstractBeanFactory.doGetBean(AbstractBeanFactory.java:246)
	at org.springframework.beans.factory.support.AbstractBeanFactory.getBean(AbstractBeanFactory.java:185)
	at org.springframework.beans.factory.support.AbstractBeanFactory.getBean(AbstractBeanFactory.java:164)
	at org.springframework.beans.factory.support.BeanDefinitionValueResolver.resolveReference(BeanDefinitionValueResolver.java:269)
	... 19 more
